
**** Clean-only build of configuration Debug for project Anton_and_Letters ****

make clean 
rm -rf  ./443A.o  ./443A.d  "Anton and Letters"
 

**** Build Finished ****

**** Build of configuration Debug for project Anton_and_Letters ****

make all 
Building file: ../443A.cpp
Invoking: Cross G++ Compiler
g++ -O0 -g3 -Wall -c -fmessage-length=0 -MMD -MP -MF"443A.d" -MT"443A.d" -o "443A.o" "../443A.cpp"
Finished building: ../443A.cpp
 
Building target: Anton_and_Letters
Invoking: Cross G++ Linker
g++  -o "Anton_and_Letters"  ./443A.o   
Finished building target: Anton_and_Letters
 

**** Build Finished ****

**** Build of configuration Debug for project Anton_and_Letters ****

make all 
make: Nothing to be done for 'all'.

**** Build Finished ****

**** Clean-only build of configuration Debug for project Anton_and_Letters ****

make clean 
rm -rf  ./443A.o  ./443A.d  Anton_and_Letters
 

**** Build Finished ****

**** Build of configuration Debug for project Anton_and_Letters ****

make all 
Building file: ../443A.cpp
Invoking: Cross G++ Compiler
g++ -O0 -g3 -Wall -c -fmessage-length=0 -MMD -MP -MF"443A.d" -MT"443A.d" -o "443A.o" "../443A.cpp"
Finished building: ../443A.cpp
 
Building target: Anton_and_Letters
Invoking: Cross G++ Linker
g++  -o "Anton_and_Letters"  ./443A.o   
Finished building target: Anton_and_Letters
 

**** Build Finished ****

**** Build of configuration Debug for project Anton_and_Letters ****

make all 
make: Nothing to be done for 'all'.

**** Build Finished ****

**** Clean-only build of configuration Debug for project Anton_and_Letters ****

make clean 
rm -rf  ./443A.o  ./443A.d  Anton_and_Letters
 

**** Build Finished ****

**** Build of configuration Debug for project Anton_and_Letters ****

make all 
Building file: ../443A.cpp
Invoking: Cross G++ Compiler
g++ -O0 -g3 -Wall -c -fmessage-length=0 -MMD -MP -MF"443A.d" -MT"443A.d" -o "443A.o" "../443A.cpp"
Finished building: ../443A.cpp
 
Building target: Anton_and_Letters
Invoking: Cross G++ Linker
g++  -o "Anton_and_Letters"  ./443A.o   
Finished building target: Anton_and_Letters
 

**** Build Finished ****

**** Build of configuration Debug for project Anton_and_Letters ****

make all 
make: Nothing to be done for 'all'.

**** Build Finished ****

**** Clean-only build of configuration Debug for project Anton_and_Letters ****

make clean 
rm -rf  ./443A.o  ./443A.d  Anton_and_Letters
 

**** Build Finished ****

**** Build of configuration Debug for project Anton_and_Letters ****

make all 
Building file: ../443A.cpp
Invoking: Cross G++ Compiler
g++ -O0 -g3 -Wall -c -fmessage-length=0 -MMD -MP -MF"443A.d" -MT"443A.d" -o "443A.o" "../443A.cpp"
../443A.cpp: In function ‘int main()’:
../443A.cpp:30:13: warning: comparison between signed and unsigned integer expressions [-Wsign-compare]
  while(indx < str_input.length())
             ^
Finished building: ../443A.cpp
 
Building target: Anton_and_Letters
Invoking: Cross G++ Linker
g++  -o "Anton_and_Letters"  ./443A.o   
Finished building target: Anton_and_Letters
 

**** Build Finished ****

**** Build of configuration Debug for project Anton_and_Letters ****

make all 
Building file: ../443A.cpp
Invoking: Cross G++ Compiler
g++ -O0 -g3 -Wall -c -fmessage-length=0 -MMD -MP -MF"443A.d" -MT"443A.d" -o "443A.o" "../443A.cpp"
../443A.cpp: In function ‘int main()’:
../443A.cpp:31:13: warning: comparison between signed and unsigned integer expressions [-Wsign-compare]
  while(indx < len)
             ^
Finished building: ../443A.cpp
 
Building target: Anton_and_Letters
Invoking: Cross G++ Linker
g++  -o "Anton_and_Letters"  ./443A.o   
Finished building target: Anton_and_Letters
 

**** Build Finished ****

**** Clean-only build of configuration Debug for project Anton_and_Letters ****

make clean 
rm -rf  ./443A.o  ./443A.d  Anton_and_Letters
 

**** Build Finished ****

**** Build of configuration Debug for project Anton_and_Letters ****

make all 
Building file: ../443A.cpp
Invoking: Cross G++ Compiler
g++ -O0 -g3 -Wall -c -fmessage-length=0 -MMD -MP -MF"443A.d" -MT"443A.d" -o "443A.o" "../443A.cpp"
Finished building: ../443A.cpp
 
Building target: Anton_and_Letters
Invoking: Cross G++ Linker
g++  -o "Anton_and_Letters"  ./443A.o   
Finished building target: Anton_and_Letters
 

**** Build Finished ****

**** Build of configuration Debug for project Anton_and_Letters ****

make all 
make: Nothing to be done for 'all'.

**** Build Finished ****

**** Clean-only build of configuration Debug for project Anton_and_Letters ****

make clean 
rm -rf  ./443A.o  ./443A.d  Anton_and_Letters
 

**** Build Finished ****

**** Build of configuration Debug for project Anton_and_Letters ****

make all 
Building file: ../443A.cpp
Invoking: Cross G++ Compiler
g++ -O0 -g3 -Wall -c -fmessage-length=0 -MMD -MP -MF"443A.d" -MT"443A.d" -o "443A.o" "../443A.cpp"
Finished building: ../443A.cpp
 
Building target: Anton_and_Letters
Invoking: Cross G++ Linker
g++  -o "Anton_and_Letters"  ./443A.o   
Finished building target: Anton_and_Letters
 

**** Build Finished ****

**** Build of configuration Debug for project Anton_and_Letters ****

make all 
make: Nothing to be done for 'all'.

**** Build Finished ****

**** Clean-only build of configuration Debug for project Anton_and_Letters ****

make clean 
rm -rf  ./443A.o  ./443A.d  Anton_and_Letters
 

**** Build Finished ****

**** Build of configuration Debug for project Anton_and_Letters ****

make all 
Building file: ../443A.cpp
Invoking: Cross G++ Compiler
g++ -O0 -g3 -Wall -c -fmessage-length=0 -MMD -MP -MF"443A.d" -MT"443A.d" -o "443A.o" "../443A.cpp"
Finished building: ../443A.cpp
 
Building target: Anton_and_Letters
Invoking: Cross G++ Linker
g++  -o "Anton_and_Letters"  ./443A.o   
Finished building target: Anton_and_Letters
 

**** Build Finished ****

**** Build of configuration Debug for project Anton_and_Letters ****

make all 
make: Nothing to be done for 'all'.

**** Build Finished ****

**** Clean-only build of configuration Debug for project Anton_and_Letters ****

make clean 
rm -rf  ./443A.o  ./443A.d  Anton_and_Letters
 

**** Build Finished ****

**** Build of configuration Debug for project Anton_and_Letters ****

make all 
Building file: ../443A.cpp
Invoking: Cross G++ Compiler
g++ -O0 -g3 -Wall -c -fmessage-length=0 -MMD -MP -MF"443A.d" -MT"443A.d" -o "443A.o" "../443A.cpp"
Finished building: ../443A.cpp
 
Building target: Anton_and_Letters
Invoking: Cross G++ Linker
g++  -o "Anton_and_Letters"  ./443A.o   
Finished building target: Anton_and_Letters
 

**** Build Finished ****

**** Clean-only build of configuration Debug for project Anton_and_Letters ****

make clean 
rm -rf  ./443A.o  ./443A.d  Anton_and_Letters
 

**** Build Finished ****

**** Build of configuration Debug for project Anton_and_Letters ****

make all 
Building file: ../443A.cpp
Invoking: Cross G++ Compiler
g++ -O0 -g3 -Wall -c -fmessage-length=0 -MMD -MP -MF"443A.d" -MT"443A.d" -o "443A.o" "../443A.cpp"
Finished building: ../443A.cpp
 
Building target: Anton_and_Letters
Invoking: Cross G++ Linker
g++  -o "Anton_and_Letters"  ./443A.o   
Finished building target: Anton_and_Letters
 

**** Build Finished ****

**** Build of configuration Debug for project Anton_and_Letters ****

make all 
make: Nothing to be done for 'all'.

**** Build Finished ****

**** Build of configuration Debug for project Anton_and_Letters ****

make all 
make: Nothing to be done for 'all'.

**** Build Finished ****

**** Build of configuration Debug for project Anton_and_Letters ****

make all 
make: Nothing to be done for 'all'.

**** Build Finished ****

**** Build of configuration Debug for project Anton_and_Letters ****

make all 
make: Nothing to be done for 'all'.

**** Build Finished ****

**** Build of configuration Debug for project Anton_and_Letters ****

make all 
make: Nothing to be done for 'all'.

**** Build Finished ****

**** Build of configuration Debug for project Anton_and_Letters ****

make all 
make: Nothing to be done for 'all'.

**** Build Finished ****

**** Build of configuration Debug for project Anton_and_Letters ****

make all 
make: Nothing to be done for 'all'.

**** Build Finished ****

**** Build of configuration Debug for project Anton_and_Letters ****

make all 
make: Nothing to be done for 'all'.

**** Build Finished ****

**** Build of configuration Debug for project Anton_and_Letters ****

make all 
make: Nothing to be done for 'all'.

**** Build Finished ****

**** Build of configuration Debug for project Anton_and_Letters ****

make all 
make: Nothing to be done for 'all'.

**** Build Finished ****

**** Build of configuration Debug for project Anton_and_Letters ****

make all 
make: Nothing to be done for 'all'.

**** Build Finished ****

**** Build of configuration Debug for project Anton_and_Letters ****

make all 
make: Nothing to be done for 'all'.

**** Build Finished ****

**** Build of configuration Debug for project Anton_and_Letters ****

make all 
Building file: ../443A.cpp
Invoking: Cross G++ Compiler
g++ -O0 -g3 -Wall -c -fmessage-length=0 -MMD -MP -MF"443A.d" -MT"443A.d" -o "443A.o" "../443A.cpp"
Finished building: ../443A.cpp
 
Building target: Anton_and_Letters
Invoking: Cross G++ Linker
g++  -o "Anton_and_Letters"  ./443A.o   
Finished building target: Anton_and_Letters
 

**** Build Finished ****

**** Build of configuration Debug for project Anton_and_Letters ****

make all 
make: Nothing to be done for 'all'.

**** Build Finished ****

**** Build of configuration Debug for project Anton_and_Letters ****

make all 
make: Nothing to be done for 'all'.

**** Build Finished ****

**** Clean-only build of configuration Debug for project Anton_and_Letters ****

make clean 
rm -rf  ./443A.o  ./443A.d  Anton_and_Letters
 

**** Build Finished ****

**** Build of configuration Debug for project Anton_and_Letters ****

make all 
Building file: ../443A.cpp
Invoking: Cross G++ Compiler
g++ -O0 -g3 -Wall -c -fmessage-length=0 -MMD -MP -MF"443A.d" -MT"443A.d" -o "443A.o" "../443A.cpp"
Finished building: ../443A.cpp
 
Building target: Anton_and_Letters
Invoking: Cross G++ Linker
g++  -o "Anton_and_Letters"  ./443A.o   
Finished building target: Anton_and_Letters
 

**** Build Finished ****

**** Build of configuration Debug for project Anton_and_Letters ****

make all 
make: Nothing to be done for 'all'.

**** Build Finished ****

**** Build of configuration Debug for project Anton_and_Letters ****

make all 
Building file: ../443A.cpp
Invoking: Cross G++ Compiler
g++ -O0 -g3 -Wall -c -fmessage-length=0 -MMD -MP -MF"443A.d" -MT"443A.d" -o "443A.o" "../443A.cpp"
Finished building: ../443A.cpp
 
Building target: Anton_and_Letters
Invoking: Cross G++ Linker
g++  -o "Anton_and_Letters"  ./443A.o   
Finished building target: Anton_and_Letters
 

**** Build Finished ****

**** Build of configuration Debug for project Anton_and_Letters ****

make all 
make: Nothing to be done for 'all'.

**** Build Finished ****

**** Build of configuration Debug for project Anton_and_Letters ****

make all 
Building file: ../443A.cpp
Invoking: Cross G++ Compiler
g++ -O0 -g3 -Wall -c -fmessage-length=0 -MMD -MP -MF"443A.d" -MT"443A.d" -o "443A.o" "../443A.cpp"
Finished building: ../443A.cpp
 
Building target: Anton_and_Letters
Invoking: Cross G++ Linker
g++  -o "Anton_and_Letters"  ./443A.o   
Finished building target: Anton_and_Letters
 

**** Build Finished ****

**** Clean-only build of configuration Debug for project Anton_and_Letters ****

make clean 
rm -rf  ./443A.o  ./443A.d  Anton_and_Letters
 

**** Build Finished ****

**** Build of configuration Debug for project Anton_and_Letters ****

make all 
Building file: ../443A.cpp
Invoking: Cross G++ Compiler
g++ -O0 -g3 -Wall -c -fmessage-length=0 -MMD -MP -MF"443A.d" -MT"443A.d" -o "443A.o" "../443A.cpp"
Finished building: ../443A.cpp
 
Building target: Anton_and_Letters
Invoking: Cross G++ Linker
g++  -o "Anton_and_Letters"  ./443A.o   
Finished building target: Anton_and_Letters
 

**** Build Finished ****

**** Clean-only build of configuration Debug for project Anton_and_Letters ****

make clean 
rm -rf  ./443A.o  ./443A.d  Anton_and_Letters
 

**** Build Finished ****

**** Build of configuration Debug for project Anton_and_Letters ****

make all 
Building file: ../443A.cpp
Invoking: Cross G++ Compiler
g++ -O0 -g3 -Wall -c -fmessage-length=0 -MMD -MP -MF"443A.d" -MT"443A.d" -o "443A.o" "../443A.cpp"
Finished building: ../443A.cpp
 
Building target: Anton_and_Letters
Invoking: Cross G++ Linker
g++  -o "Anton_and_Letters"  ./443A.o   
Finished building target: Anton_and_Letters
 

**** Build Finished ****

**** Build of configuration Debug for project Anton_and_Letters ****

make all 
make: Nothing to be done for 'all'.

**** Build Finished ****

**** Build of configuration Debug for project Anton_and_Letters ****

make all 
make: Nothing to be done for 'all'.

**** Build Finished ****

**** Build of configuration Debug for project Anton_and_Letters ****

make all 
make: Nothing to be done for 'all'.

**** Build Finished ****

**** Build of configuration Debug for project Anton_and_Letters ****

make all 
Building file: ../443A.cpp
Invoking: Cross G++ Compiler
g++ -O0 -g3 -Wall -c -fmessage-length=0 -MMD -MP -MF"443A.d" -MT"443A.d" -o "443A.o" "../443A.cpp"
Finished building: ../443A.cpp
 
Building target: Anton_and_Letters
Invoking: Cross G++ Linker
g++  -o "Anton_and_Letters"  ./443A.o   
Finished building target: Anton_and_Letters
 

**** Build Finished ****

**** Build of configuration Debug for project Anton_and_Letters ****

make all 
make: Nothing to be done for 'all'.

**** Build Finished ****

**** Clean-only build of configuration Debug for project Anton_and_Letters ****

make clean 
rm -rf  ./443A.o  ./443A.d  Anton_and_Letters
 

**** Build Finished ****

**** Build of configuration Debug for project Anton_and_Letters ****

make all 
Building file: ../443A.cpp
Invoking: Cross G++ Compiler
g++ -O0 -g3 -Wall -c -fmessage-length=0 -MMD -MP -MF"443A.d" -MT"443A.d" -o "443A.o" "../443A.cpp"
Finished building: ../443A.cpp
 
Building target: Anton_and_Letters
Invoking: Cross G++ Linker
g++  -o "Anton_and_Letters"  ./443A.o   
Finished building target: Anton_and_Letters
 

**** Build Finished ****

**** Build of configuration Debug for project Anton_and_Letters ****

make all 
make: Nothing to be done for 'all'.

**** Build Finished ****

**** Build of configuration Debug for project Anton_and_Letters ****

make all 
Building file: ../443A.cpp
Invoking: Cross G++ Compiler
g++ -O0 -g3 -Wall -c -fmessage-length=0 -MMD -MP -MF"443A.d" -MT"443A.d" -o "443A.o" "../443A.cpp"
Finished building: ../443A.cpp
 
Building target: Anton_and_Letters
Invoking: Cross G++ Linker
g++  -o "Anton_and_Letters"  ./443A.o   
Finished building target: Anton_and_Letters
 

**** Build Finished ****

**** Build of configuration Debug for project Anton_and_Letters ****

make all 
make: Nothing to be done for 'all'.

**** Build Finished ****

**** Build of configuration Debug for project Anton_and_Letters ****

make all 
Building file: ../443A.cpp
Invoking: Cross G++ Compiler
g++ -O0 -g3 -Wall -c -fmessage-length=0 -MMD -MP -MF"443A.d" -MT"443A.d" -o "443A.o" "../443A.cpp"
Finished building: ../443A.cpp
 
Building target: Anton_and_Letters
Invoking: Cross G++ Linker
g++  -o "Anton_and_Letters"  ./443A.o   
Finished building target: Anton_and_Letters
 

**** Build Finished ****

**** Build of configuration Debug for project Anton_and_Letters ****

make all 
make: Nothing to be done for 'all'.

**** Build Finished ****

**** Build of configuration Debug for project Anton_and_Letters ****

make all 
Building file: ../443A.cpp
Invoking: Cross G++ Compiler
g++ -O0 -g3 -Wall -c -fmessage-length=0 -MMD -MP -MF"443A.d" -MT"443A.d" -o "443A.o" "../443A.cpp"
Finished building: ../443A.cpp
 
Building target: Anton_and_Letters
Invoking: Cross G++ Linker
g++  -o "Anton_and_Letters"  ./443A.o   
Finished building target: Anton_and_Letters
 

**** Build Finished ****

**** Build of configuration Debug for project Anton_and_Letters ****

make all 
make: Nothing to be done for 'all'.

**** Build Finished ****

**** Build of configuration Debug for project Anton_and_Letters ****

make all 
Building file: ../443A.cpp
Invoking: Cross G++ Compiler
g++ -O0 -g3 -Wall -c -fmessage-length=0 -MMD -MP -MF"443A.d" -MT"443A.d" -o "443A.o" "../443A.cpp"
Finished building: ../443A.cpp
 
Building target: Anton_and_Letters
Invoking: Cross G++ Linker
g++  -o "Anton_and_Letters"  ./443A.o   
Finished building target: Anton_and_Letters
 

**** Build Finished ****

**** Build of configuration Debug for project Anton_and_Letters ****

make all 
make: Nothing to be done for 'all'.

**** Build Finished ****

**** Build of configuration Debug for project Anton_and_Letters ****

make all 
Building file: ../443A.cpp
Invoking: Cross G++ Compiler
g++ -O0 -g3 -Wall -c -fmessage-length=0 -MMD -MP -MF"443A.d" -MT"443A.d" -o "443A.o" "../443A.cpp"
Finished building: ../443A.cpp
 
Building target: Anton_and_Letters
Invoking: Cross G++ Linker
g++  -o "Anton_and_Letters"  ./443A.o   
Finished building target: Anton_and_Letters
 

**** Build Finished ****

**** Build of configuration Debug for project Anton_and_Letters ****

make all 
make: Nothing to be done for 'all'.

**** Build Finished ****

**** Build of configuration Debug for project Anton_and_Letters ****

make all 
Building file: ../443A.cpp
Invoking: Cross G++ Compiler
g++ -O0 -g3 -Wall -c -fmessage-length=0 -MMD -MP -MF"443A.d" -MT"443A.d" -o "443A.o" "../443A.cpp"
Finished building: ../443A.cpp
 
Building target: Anton_and_Letters
Invoking: Cross G++ Linker
g++  -o "Anton_and_Letters"  ./443A.o   
Finished building target: Anton_and_Letters
 

**** Build Finished ****

**** Build of configuration Debug for project Anton_and_Letters ****

make all 
make: Nothing to be done for 'all'.

**** Build Finished ****

**** Build of configuration Debug for project Anton_and_Letters ****

make all 
Building file: ../443A.cpp
Invoking: Cross G++ Compiler
g++ -O0 -g3 -Wall -c -fmessage-length=0 -MMD -MP -MF"443A.d" -MT"443A.d" -o "443A.o" "../443A.cpp"
Finished building: ../443A.cpp
 
Building target: Anton_and_Letters
Invoking: Cross G++ Linker
g++  -o "Anton_and_Letters"  ./443A.o   
Finished building target: Anton_and_Letters
 

**** Build Finished ****

**** Build of configuration Debug for project Anton_and_Letters ****

make all 
make: Nothing to be done for 'all'.

**** Build Finished ****

**** Build of configuration Debug for project Anton_and_Letters ****

make all 
Building file: ../443A.cpp
Invoking: Cross G++ Compiler
g++ -O0 -g3 -Wall -c -fmessage-length=0 -MMD -MP -MF"443A.d" -MT"443A.d" -o "443A.o" "../443A.cpp"
Finished building: ../443A.cpp
 
Building target: Anton_and_Letters
Invoking: Cross G++ Linker
g++  -o "Anton_and_Letters"  ./443A.o   
Finished building target: Anton_and_Letters
 

**** Build Finished ****

**** Build of configuration Debug for project Anton_and_Letters ****

make all 
make: Nothing to be done for 'all'.

**** Build Finished ****

**** Build of configuration Debug for project Anton_and_Letters ****

make all 
Building file: ../443A.cpp
Invoking: Cross G++ Compiler
g++ -O0 -g3 -Wall -c -fmessage-length=0 -MMD -MP -MF"443A.d" -MT"443A.d" -o "443A.o" "../443A.cpp"
Finished building: ../443A.cpp
 
Building target: Anton_and_Letters
Invoking: Cross G++ Linker
g++  -o "Anton_and_Letters"  ./443A.o   
Finished building target: Anton_and_Letters
 

**** Build Finished ****

**** Build of configuration Debug for project Anton_and_Letters ****

make all 
make: Nothing to be done for 'all'.

**** Build Finished ****

**** Build of configuration Debug for project Anton_and_Letters ****

make all 
Building file: ../443A.cpp
Invoking: Cross G++ Compiler
g++ -O0 -g3 -Wall -c -fmessage-length=0 -MMD -MP -MF"443A.d" -MT"443A.d" -o "443A.o" "../443A.cpp"
Finished building: ../443A.cpp
 
Building target: Anton_and_Letters
Invoking: Cross G++ Linker
g++  -o "Anton_and_Letters"  ./443A.o   
Finished building target: Anton_and_Letters
 

**** Build Finished ****

**** Build of configuration Debug for project Anton_and_Letters ****

make all 
make: Nothing to be done for 'all'.

**** Build Finished ****

**** Build of configuration Debug for project Anton_and_Letters ****

make all 
make: Nothing to be done for 'all'.

**** Build Finished ****

**** Build of configuration Debug for project Anton_and_Letters ****

make all 
make: Nothing to be done for 'all'.

**** Build Finished ****

**** Build of configuration Debug for project Anton_and_Letters ****

make all 
Building file: ../443A.cpp
Invoking: Cross G++ Compiler
g++ -O0 -g3 -Wall -c -fmessage-length=0 -MMD -MP -MF"443A.d" -MT"443A.d" -o "443A.o" "../443A.cpp"
Finished building: ../443A.cpp
 
Building target: Anton_and_Letters
Invoking: Cross G++ Linker
g++  -o "Anton_and_Letters"  ./443A.o   
Finished building target: Anton_and_Letters
 

**** Build Finished ****

**** Build of configuration Debug for project Anton_and_Letters ****

make all 
make: Nothing to be done for 'all'.

**** Build Finished ****

**** Build of configuration Debug for project Anton_and_Letters ****

make all 
make: Nothing to be done for 'all'.

**** Build Finished ****

**** Build of configuration Debug for project Anton_and_Letters ****

make all 
Building file: ../443A.cpp
Invoking: Cross G++ Compiler
g++ -O0 -g3 -Wall -c -fmessage-length=0 -MMD -MP -MF"443A.d" -MT"443A.d" -o "443A.o" "../443A.cpp"
Finished building: ../443A.cpp
 
Building target: Anton_and_Letters
Invoking: Cross G++ Linker
g++  -o "Anton_and_Letters"  ./443A.o   
Finished building target: Anton_and_Letters
 

**** Build Finished ****

**** Build of configuration Debug for project Anton_and_Letters ****

make all 
make: Nothing to be done for 'all'.

**** Build Finished ****

**** Build of configuration Debug for project Anton_and_Letters ****

make all 
make: Nothing to be done for 'all'.

**** Build Finished ****

**** Build of configuration Debug for project Koyla_and_Tandem_Repeat ****

make all 
Building file: ../443B.cpp
Invoking: Cross G++ Compiler
g++ -O0 -g3 -Wall -c -fmessage-length=0 -MMD -MP -MF"443B.d" -MT"443B.d" -o "443B.o" "../443B.cpp"
Finished building: ../443B.cpp
 
Building target: Koyla_and_Tandem_Repeat
Invoking: Cross G++ Linker
g++  -o "Koyla_and_Tandem_Repeat"  ./443B.o   
Finished building target: Koyla_and_Tandem_Repeat
 

**** Build Finished ****

**** Build of configuration Debug for project Koyla_and_Tandem_Repeat ****

make all 
make: Nothing to be done for 'all'.

**** Build Finished ****

**** Build of configuration Debug for project Anton_and_Letters ****

make all 
make: Nothing to be done for 'all'.

**** Build Finished ****

**** Build of configuration Debug for project Koyla_and_Tandem_Repeat ****

make all 
Building file: ../443B.cpp
Invoking: Cross G++ Compiler
g++ -O0 -g3 -Wall -c -fmessage-length=0 -MMD -MP -MF"443B.d" -MT"443B.d" -o "443B.o" "../443B.cpp"
Finished building: ../443B.cpp
 
Building target: Koyla_and_Tandem_Repeat
Invoking: Cross G++ Linker
g++  -o "Koyla_and_Tandem_Repeat"  ./443B.o   
Finished building target: Koyla_and_Tandem_Repeat
 

**** Build Finished ****

**** Build of configuration Debug for project Koyla_and_Tandem_Repeat ****

make all 
make: Nothing to be done for 'all'.

**** Build Finished ****

**** Build of configuration Debug for project Anton_and_Letters ****

make all 
make: Nothing to be done for 'all'.

**** Build Finished ****

**** Build of configuration Debug for project Koyla_and_Tandem_Repeat ****

make all 
Building file: ../443B.cpp
Invoking: Cross G++ Compiler
g++ -O0 -g3 -Wall -c -fmessage-length=0 -MMD -MP -MF"443B.d" -MT"443B.d" -o "443B.o" "../443B.cpp"
Finished building: ../443B.cpp
 
Building target: Koyla_and_Tandem_Repeat
Invoking: Cross G++ Linker
g++  -o "Koyla_and_Tandem_Repeat"  ./443B.o   
Finished building target: Koyla_and_Tandem_Repeat
 

**** Build Finished ****

**** Build of configuration Debug for project Koyla_and_Tandem_Repeat ****

make all 
make: Nothing to be done for 'all'.

**** Build Finished ****

**** Build of configuration Debug for project Anton_and_Letters ****

make all 
make: Nothing to be done for 'all'.

**** Build Finished ****

**** Build of configuration Debug for project Koyla_and_Tandem_Repeat ****

make all 
make: Nothing to be done for 'all'.

**** Build Finished ****

**** Build of configuration Debug for project Koyla_and_Tandem_Repeat ****

make all 
make: Nothing to be done for 'all'.

**** Build Finished ****

**** Build of configuration Debug for project Koyla_and_Tandem_Repeat ****

make all 
make: Nothing to be done for 'all'.

**** Build Finished ****

**** Build of configuration Debug for project Anton_and_Letters ****

make all 
make: Nothing to be done for 'all'.

**** Build Finished ****

**** Build of configuration Debug for project Koyla_and_Tandem_Repeat ****

make all 
Building file: ../443B.cpp
Invoking: Cross G++ Compiler
g++ -O0 -g3 -Wall -c -fmessage-length=0 -MMD -MP -MF"443B.d" -MT"443B.d" -o "443B.o" "../443B.cpp"
Finished building: ../443B.cpp
 
Building target: Koyla_and_Tandem_Repeat
Invoking: Cross G++ Linker
g++  -o "Koyla_and_Tandem_Repeat"  ./443B.o   
Finished building target: Koyla_and_Tandem_Repeat
 

**** Build Finished ****

**** Build of configuration Debug for project Koyla_and_Tandem_Repeat ****

make all 
make: Nothing to be done for 'all'.

**** Build Finished ****

**** Build of configuration Debug for project Koyla_and_Tandem_Repeat ****

make all 
make: Nothing to be done for 'all'.

**** Build Finished ****

**** Build of configuration Debug for project Anton_and_Letters ****

make all 
make: Nothing to be done for 'all'.

**** Build Finished ****

**** Build of configuration Debug for project Koyla_and_Tandem_Repeat ****

make all 
Building file: ../443B.cpp
Invoking: Cross G++ Compiler
g++ -O0 -g3 -Wall -c -fmessage-length=0 -MMD -MP -MF"443B.d" -MT"443B.d" -o "443B.o" "../443B.cpp"
Finished building: ../443B.cpp
 
Building target: Koyla_and_Tandem_Repeat
Invoking: Cross G++ Linker
g++  -o "Koyla_and_Tandem_Repeat"  ./443B.o   
Finished building target: Koyla_and_Tandem_Repeat
 

**** Build Finished ****

**** Build of configuration Debug for project Koyla_and_Tandem_Repeat ****

make all 
make: Nothing to be done for 'all'.

**** Build Finished ****

**** Build of configuration Debug for project Anton_and_Letters ****

make all 
make: Nothing to be done for 'all'.

**** Build Finished ****

**** Build of configuration Debug for project Koyla_and_Tandem_Repeat ****

make all 
Building file: ../443B.cpp
Invoking: Cross G++ Compiler
g++ -O0 -g3 -Wall -c -fmessage-length=0 -MMD -MP -MF"443B.d" -MT"443B.d" -o "443B.o" "../443B.cpp"
Finished building: ../443B.cpp
 
Building target: Koyla_and_Tandem_Repeat
Invoking: Cross G++ Linker
g++  -o "Koyla_and_Tandem_Repeat"  ./443B.o   
Finished building target: Koyla_and_Tandem_Repeat
 

**** Build Finished ****

**** Build of configuration Debug for project Koyla_and_Tandem_Repeat ****

make all 
make: Nothing to be done for 'all'.

**** Build Finished ****

**** Build of configuration Debug for project Koyla_and_Tandem_Repeat ****

make all 
make: Nothing to be done for 'all'.

**** Build Finished ****

**** Build of configuration Debug for project Koyla_and_Tandem_Repeat ****

make all 
make: Nothing to be done for 'all'.

**** Build Finished ****

**** Build of configuration Debug for project Anton_and_Letters ****

make all 
make: Nothing to be done for 'all'.

**** Build Finished ****

**** Build of configuration Debug for project Koyla_and_Tandem_Repeat ****

make all 
Building file: ../443B.cpp
Invoking: Cross G++ Compiler
g++ -O0 -g3 -Wall -c -fmessage-length=0 -MMD -MP -MF"443B.d" -MT"443B.d" -o "443B.o" "../443B.cpp"
Finished building: ../443B.cpp
 
Building target: Koyla_and_Tandem_Repeat
Invoking: Cross G++ Linker
g++  -o "Koyla_and_Tandem_Repeat"  ./443B.o   
Finished building target: Koyla_and_Tandem_Repeat
 

**** Build Finished ****

**** Build of configuration Debug for project Koyla_and_Tandem_Repeat ****

make all 
make: Nothing to be done for 'all'.

**** Build Finished ****

**** Build of configuration Debug for project Koyla_and_Tandem_Repeat ****

make all 
make: Nothing to be done for 'all'.

**** Build Finished ****

**** Build of configuration Debug for project Koyla_and_Tandem_Repeat ****

make all 
make: Nothing to be done for 'all'.

**** Build Finished ****

**** Build of configuration Debug for project Koyla_and_Tandem_Repeat ****

make all 
make: Nothing to be done for 'all'.

**** Build Finished ****
